<?xml version="1.0" encoding="UTF-8"?>
<testng-results ignored="0" total="1" passed="1" failed="0" skipped="0">
  <reporter-output>
  </reporter-output>
  <suite started-at="2024-04-20T13:17:58 IST" name="Default suite" finished-at="2024-04-20T13:18:04 IST" duration-ms="6636">
    <groups>
    </groups>
    <test started-at="2024-04-20T13:17:58 IST" name="Default test" finished-at="2024-04-20T13:18:04 IST" duration-ms="6636">
      <class name="faveo.com.UI">
        <test-method signature="Check_for_list_of_items_inhomepage_withoutlogin()[pri:1, instance:faveo.com.UI@6fdbe764]" started-at="2024-04-20T13:17:58 IST" name="Check_for_list_of_items_inhomepage_withoutlogin" finished-at="2024-04-20T13:18:04 IST" duration-ms="6547" status="PASS">
          <reporter-output>
          </reporter-output>
        </test-method> <!-- Check_for_list_of_items_inhomepage_withoutlogin -->
      </class> <!-- faveo.com.UI -->
    </test> <!-- Default test -->
  </suite> <!-- Default suite -->
</testng-results>
